Traceback (most recent call last):
  File "C:\Users\WAI\AppData\Local\Programs\Python\Python311\Lib\site-packages\jupyter_cache\executors\utils.py", line 58, in single_nb_execution
    executenb(
  File "C:\Users\WAI\AppData\Local\Programs\Python\Python311\Lib\site-packages\nbclient\client.py", line 1305, in execute
    return NotebookClient(nb=nb, resources=resources, km=km, **kwargs).execute()
           ^^^^^^^^^^^^^^^^^^^^^^^^^^^^^^^^^^^^^^^^^^^^^^^^^^^^^^^^^^^^^^^^^^^^^
  File "C:\Users\WAI\AppData\Local\Programs\Python\Python311\Lib\site-packages\jupyter_core\utils\__init__.py", line 166, in wrapped
    return loop.run_until_complete(inner)
           ^^^^^^^^^^^^^^^^^^^^^^^^^^^^^^
  File "C:\Users\WAI\AppData\Local\Programs\Python\Python311\Lib\asyncio\base_events.py", line 653, in run_until_complete
    return future.result()
           ^^^^^^^^^^^^^^^
  File "C:\Users\WAI\AppData\Local\Programs\Python\Python311\Lib\site-packages\nbclient\client.py", line 705, in async_execute
    await self.async_execute_cell(
  File "C:\Users\WAI\AppData\Local\Programs\Python\Python311\Lib\site-packages\nbclient\client.py", line 1058, in async_execute_cell
    await self._check_raise_for_error(cell, cell_index, exec_reply)
  File "C:\Users\WAI\AppData\Local\Programs\Python\Python311\Lib\site-packages\nbclient\client.py", line 914, in _check_raise_for_error
    raise CellExecutionError.from_cell_and_msg(cell, exec_reply_content)
nbclient.exceptions.CellExecutionError: An error occurred while executing the following cell:
------------------
import nltk
from nltk.tokenize import TreebankWordTokenizer
# nltk.download('treebank') # ì²˜ìŒ ì‚¬ìš©ì‹œì—ëŠ” ë‹¤ìš´ ë°›ì•„ì•¼í•¨

tokenizer = TreebankWordTokenizer()
text = "Starting a home-based restaurant may be an ideal. it doesn't have a food chain or restaurant of their own."
print('íŠ¸ë¦¬ë±…í¬ ì›Œë“œí† í¬ë‚˜ì´ì € :',tokenizer.tokenize(text))

------------------


[1;31m---------------------------------------------------------------------------[0m
[1;31mModuleNotFoundError[0m                       Traceback (most recent call last)
Cell [1;32mIn[1], line 1[0m
[1;32m----> 1[0m [38;5;28;01mimport[39;00m [38;5;21;01mnltk[39;00m
[0;32m      2[0m [38;5;28;01mfrom[39;00m [38;5;21;01mnltk[39;00m[38;5;21;01m.[39;00m[38;5;21;01mtokenize[39;00m [38;5;28;01mimport[39;00m TreebankWordTokenizer
[0;32m      3[0m [38;5;66;03m# nltk.download('treebank') # ì²˜ìŒ ì‚¬ìš©ì‹œì—ëŠ” ë‹¤ìš´ ë°›ì•„ì•¼í•¨[39;00m

[1;31mModuleNotFoundError[0m: No module named 'nltk'

